2020-01-23 14:45:22,783 - octoprint.server.heartbeat - INFO - Server heartbeat <3
2020-01-23 14:45:22,794 - octoprint.server - INFO - --- Log roll over detected ---------------------------------------------------
2020-01-23 14:45:22,795 - octoprint.server - INFO - OctoPrint 1.3.12
2020-01-23 14:45:22,800 - octoprint.plugin.core - INFO - 18 plugin(s) registered with the system:
|  Action Command Prompt Support (bundled) = /home/pi/oprint/lib/python2.7/site-packages/octoprint/plugins/action_command_prompt
|  Announcement Plugin (bundled) = /home/pi/oprint/lib/python2.7/site-packages/octoprint/plugins/announcements
|  Anonymous Usage Tracking (bundled) = /home/pi/oprint/lib/python2.7/site-packages/octoprint/plugins/tracking
|  Application Keys Plugin (bundled) = /home/pi/oprint/lib/python2.7/site-packages/octoprint/plugins/appkeys
|  Backup & Restore (bundled) = /home/pi/oprint/lib/python2.7/site-packages/octoprint/plugins/backup
|  Core Wizard (bundled) = /home/pi/oprint/lib/python2.7/site-packages/octoprint/plugins/corewizard
|  Detailed Progress Plugin (0.1.4) = /home/pi/oprint/local/lib/python2.7/site-packages/octoprint_detailedprogress
|  Discovery (bundled) = /home/pi/oprint/lib/python2.7/site-packages/octoprint/plugins/discovery
|  Error Tracking (bundled) = /home/pi/oprint/lib/python2.7/site-packages/octoprint/plugins/errortracking
|  Force Login (bundled) = /home/pi/oprint/lib/python2.7/site-packages/octoprint/plugins/forcelogin
|  Logging (bundled) = /home/pi/oprint/lib/python2.7/site-packages/octoprint/plugins/logging
|  Octolapse (0.3.4) = /home/pi/oprint/local/lib/python2.7/site-packages/octoprint_octolapse
|  Pi Support Plugin (bundled) = /home/pi/oprint/lib/python2.7/site-packages/octoprint/plugins/pi_support
|  Plugin Manager (bundled) = /home/pi/oprint/lib/python2.7/site-packages/octoprint/plugins/pluginmanager
|  Printer Safety Check (bundled) = /home/pi/oprint/lib/python2.7/site-packages/octoprint/plugins/printer_safety_check
|  Resource Monitor (0.1.0) = /home/pi/oprint/local/lib/python2.7/site-packages/octoprint_resource_monitor
|  Software Update (bundled) = /home/pi/oprint/lib/python2.7/site-packages/octoprint/plugins/softwareupdate
|  Virtual Printer (bundled) = /home/pi/oprint/lib/python2.7/site-packages/octoprint/plugins/virtual_printer
2020-01-23 14:45:22,824 - octoprint.environment - INFO - Detected environment is Python 2.7.16 under Linux (linux2). Details:
|  hardware:
|    cores: 4
|    freq: 1200.0
|    ram: 917016576
|  os:
|    id: linux
|    platform: linux2
|  plugins:
|    pi_support:
|      model: Raspberry Pi 3 Model B Rev 1.2
|      octopi_version: 0.17.0
|  python:
|    pip: 19.3.1
|    version: 2.7.16
|    virtualenv: /home/pi/oprint
2020-01-23 14:45:22,825 - octoprint.server - INFO - ------------------------------------------------------------------------------
2020-01-23 14:45:29,940 - octoprint.plugins.tracking - INFO - Sent tracking event pong, payload: {'plugins': u'resource_monitor:0.1.0,detailedprogress:0.1.4,octolapse:0.3.4'}
2020-01-23 14:45:30,811 - octoprint.plugins.tracking - INFO - Sent tracking event ping, payload: {'octoprint_uptime': 172808}
2020-01-23 15:00:22,785 - octoprint.server.heartbeat - INFO - Server heartbeat <3
2020-01-23 15:00:30,773 - octoprint.plugins.tracking - INFO - Sent tracking event ping, payload: {'octoprint_uptime': 173708}
2020-01-23 15:15:22,786 - octoprint.server.heartbeat - INFO - Server heartbeat <3
2020-01-23 15:15:30,867 - octoprint.plugins.tracking - INFO - Sent tracking event ping, payload: {'octoprint_uptime': 174608}
2020-01-23 15:18:53,053 - octoprint.util.comm - INFO - Finished in 4234.460 s.
2020-01-23 15:18:53,055 - octoprint.util.comm - INFO - Changing monitoring state from "Printing" to "Finishing"
2020-01-23 15:18:53,062 - octoprint.filemanager.analysis - INFO - Starting analysis of local:blue_cube_dd.gcode
2020-01-23 15:18:53,066 - octoprint.filemanager.analysis - INFO - Invoking analysis command: /home/pi/oprint/bin/python2 -m octoprint analysis gcode --speed-x=6000 --speed-y=6000 --max-t=10 --throttle=0.0 --throttle-lines=100 /home/pi/.octoprint/uploads/blue_cube_dd.gcode
2020-01-23 15:18:53,109 - octoprint.printer.standard.job - INFO - Print job done - origin: local, path: blue_cube_dd.gcode, owner: _api
2020-01-23 15:18:53,199 - octoprint.plugins.detailedprogress - INFO - Printing stopped. Detailed progress stopped.
2020-01-23 15:18:53,250 - octoprint.util.comm - INFO - Changing monitoring state from "Finishing" to "Operational"
2020-01-23 15:18:54,085 - octoprint.plugins.tracking - INFO - Sent tracking event print_done, payload: {'origin': 'local', 'file': '530fe07346a82d4dd07070d780beae81ab415956', 'elapsed': 4234}
2020-01-23 15:19:01,442 - octoprint.filemanager.analysis - INFO - Analysis of entry local:blue_cube_dd.gcode finished, needed 8.38s
2020-01-23 15:30:22,788 - octoprint.server.heartbeat - INFO - Server heartbeat <3
2020-01-23 15:30:30,805 - octoprint.plugins.tracking - INFO - Sent tracking event ping, payload: {'octoprint_uptime': 175508}
